# project  configured on Sun May 12 14:10:59 2024 by
# waf 2.0.19 (abi 20, python 30c03f0 on linux)
# using ./waf configure --rtems=/home/the.m3chanic/quick-start/rtems/6 --rtems-bsp=sparc/erc32
#
----------------------------------------
Setting top to
/mnt/q/Work/Github/RTEMS-GSoC
----------------------------------------
Setting out to
/mnt/q/Work/Github/RTEMS-GSoC/build
-----------------------------------------
----------------------------------------
RTEMS Version
6
----------------------------------------
Architectures
sparc-rtems6, x86_64-rtems6
----------------------------------------
Board Support Package (BSP)
sparc-rtems6-erc32
----------------------------------------
Show commands
no
----------------------------------------
Long commands
no
----------------------------------------
Checking for program 'sparc-rtems6-gcc'
/home/the.m3chanic/quick-start/rtems/6/bin/sparc-rtems6-gcc
find program=['sparc-rtems6-gcc'] paths=['/home/the.m3chanic/quick-start/rtems/6/bin'] var='SPARC_RTEMS6_GCC' -> ['/home/the.m3chanic/quick-start/rtems/6/bin/sparc-rtems6-gcc']
----------------------------------------
Checking for program 'sparc-rtems6-g++'
/home/the.m3chanic/quick-start/rtems/6/bin/sparc-rtems6-g++
find program=['sparc-rtems6-g++'] paths=['/home/the.m3chanic/quick-start/rtems/6/bin'] var='SPARC_RTEMS6_G++' -> ['/home/the.m3chanic/quick-start/rtems/6/bin/sparc-rtems6-g++']
----------------------------------------
Checking for program 'sparc-rtems6-gcc'
/home/the.m3chanic/quick-start/rtems/6/bin/sparc-rtems6-gcc
find program=['sparc-rtems6-gcc'] paths=['/home/the.m3chanic/quick-start/rtems/6/bin'] var='SPARC_RTEMS6_GCC' -> ['/home/the.m3chanic/quick-start/rtems/6/bin/sparc-rtems6-gcc']
----------------------------------------
Checking for program 'sparc-rtems6-ld'
/home/the.m3chanic/quick-start/rtems/6/bin/sparc-rtems6-ld
find program=['sparc-rtems6-ld'] paths=['/home/the.m3chanic/quick-start/rtems/6/bin'] var='SPARC_RTEMS6_LD' -> ['/home/the.m3chanic/quick-start/rtems/6/bin/sparc-rtems6-ld']
----------------------------------------
Checking for program 'sparc-rtems6-ar'
/home/the.m3chanic/quick-start/rtems/6/bin/sparc-rtems6-ar
find program=['sparc-rtems6-ar'] paths=['/home/the.m3chanic/quick-start/rtems/6/bin'] var='SPARC_RTEMS6_AR' -> ['/home/the.m3chanic/quick-start/rtems/6/bin/sparc-rtems6-ar']
----------------------------------------
Checking for program 'sparc-rtems6-nm'
/home/the.m3chanic/quick-start/rtems/6/bin/sparc-rtems6-nm
find program=['sparc-rtems6-nm'] paths=['/home/the.m3chanic/quick-start/rtems/6/bin'] var='SPARC_RTEMS6_NM' -> ['/home/the.m3chanic/quick-start/rtems/6/bin/sparc-rtems6-nm']
-------------------------------------------
Checking for program 'sparc-rtems6-objdump'
/home/the.m3chanic/quick-start/rtems/6/bin/sparc-rtems6-objdump
find program=['sparc-rtems6-objdump'] paths=['/home/the.m3chanic/quick-start/rtems/6/bin'] var='SPARC_RTEMS6_OBJDUMP' -> ['/home/the.m3chanic/quick-start/rtems/6/bin/sparc-rtems6-objdump']
-------------------------------------------
Checking for program 'sparc-rtems6-objcopy'
/home/the.m3chanic/quick-start/rtems/6/bin/sparc-rtems6-objcopy
find program=['sparc-rtems6-objcopy'] paths=['/home/the.m3chanic/quick-start/rtems/6/bin'] var='SPARC_RTEMS6_OBJCOPY' -> ['/home/the.m3chanic/quick-start/rtems/6/bin/sparc-rtems6-objcopy']
-------------------------------------------
Checking for program 'sparc-rtems6-readelf'
/home/the.m3chanic/quick-start/rtems/6/bin/sparc-rtems6-readelf
find program=['sparc-rtems6-readelf'] paths=['/home/the.m3chanic/quick-start/rtems/6/bin'] var='SPARC_RTEMS6_READELF' -> ['/home/the.m3chanic/quick-start/rtems/6/bin/sparc-rtems6-readelf']
-------------------------------------------
Checking for program 'sparc-rtems6-strip'
/home/the.m3chanic/quick-start/rtems/6/bin/sparc-rtems6-strip
find program=['sparc-rtems6-strip'] paths=['/home/the.m3chanic/quick-start/rtems/6/bin'] var='SPARC_RTEMS6_STRIP' -> ['/home/the.m3chanic/quick-start/rtems/6/bin/sparc-rtems6-strip']
-------------------------------------------
Checking for program 'sparc-rtems6-ranlib'
/home/the.m3chanic/quick-start/rtems/6/bin/sparc-rtems6-ranlib
find program=['sparc-rtems6-ranlib'] paths=['/home/the.m3chanic/quick-start/rtems/6/bin'] var='SPARC_RTEMS6_RANLIB' -> ['/home/the.m3chanic/quick-start/rtems/6/bin/sparc-rtems6-ranlib']
-------------------------------------------
Checking for program 'rtems-ld'
/home/the.m3chanic/quick-start/rtems/6/bin/rtems-ld
find program=['rtems-ld'] paths=['/home/the.m3chanic/quick-start/rtems/6/bin'] var='RTEMS_LD' -> ['/home/the.m3chanic/quick-start/rtems/6/bin/rtems-ld']
-------------------------------------------
Checking for program 'rtems-tld'
/home/the.m3chanic/quick-start/rtems/6/bin/rtems-tld
find program=['rtems-tld'] paths=['/home/the.m3chanic/quick-start/rtems/6/bin'] var='RTEMS_TLD' -> ['/home/the.m3chanic/quick-start/rtems/6/bin/rtems-tld']
-------------------------------------------
Checking for program 'rtems-syms'
/home/the.m3chanic/quick-start/rtems/6/bin/rtems-syms
find program=['rtems-syms'] paths=['/home/the.m3chanic/quick-start/rtems/6/bin'] var='RTEMS_SYMS' -> ['/home/the.m3chanic/quick-start/rtems/6/bin/rtems-syms']
-------------------------------------------
Checking for program 'rtems-bin2c'
/home/the.m3chanic/quick-start/rtems/6/bin/rtems-bin2c
find program=['rtems-bin2c'] paths=['/home/the.m3chanic/quick-start/rtems/6/bin'] var='RTEMS_BIN2C' -> ['/home/the.m3chanic/quick-start/rtems/6/bin/rtems-bin2c']
-------------------------------------------
Checking for program 'tar'
/usr/sbin/tar
find program=['tar'] paths=['/home/the.m3chanic/.opam/4.14.1/bin', '/home/the.m3chanic/.cargo/bin', '/home/the.m3chanic/quick-start/rtems/6/bin', '/usr/local/sbin', '/usr/local/bin', '/usr/sbin', '/usr/bin', '/sbin', '/bin', '/usr/games', '/usr/local/games', '/usr/lib/wsl/lib', '/mnt/c/Program Files/WSL', '/mnt/c/Program Files/Common Files/Oracle/Java/javapath', '/mnt/c/Program Files (x86)/Common Files/Oracle/Java/javapath', '/mnt/c/Windows/system32', '/mnt/c/Windows', '/mnt/c/Windows/System32/Wbem', '/mnt/c/Windows/System32/WindowsPowerShell/v1.0/', '/mnt/c/Windows/System32/OpenSSH/', '/mnt/c/Program Files/NVIDIA Corporation/NVIDIA NvDLISR', '/mnt/c/WINDOWS/system32', '/mnt/c/WINDOWS', '/mnt/c/WINDOWS/System32/Wbem', '/mnt/c/WINDOWS/System32/WindowsPowerShell/v1.0/', '/mnt/c/WINDOWS/System32/OpenSSH/', '/mnt/c/Program Files/Git/cmd', '/mnt/c/Program Files/dotnet/', '/mnt/c/Program Files (x86)/NVIDIA Corporation/PhysX/Common', '/mnt/c/Program Files (x86)/Windows Kits/10/Windows Performance Toolkit/', '/mnt/c/Android/platform-tools', "/mnt/c/Users/hisur/AppData/Local/Packages/PythonSoftwareFoundation.Python.3.11_qbz5n2kfra8p0/LocalCache/local-packages/Python311/Scripts'", '/mnt/c/Users/hisur/.cargo/bin', '/mnt/c/Users/hisur/AppData/Local/Microsoft/WindowsApps', '/mnt/c/Program Files/PostgreSQL/15/bin', '/mnt/c/Users/hisur/AppData/Local/Programs/Microsoft VS Code/bin', '/mnt/c/Users/hisur/.dotnet/tools', '/mnt/c/Users/hisur/AppData/Local/Programs/Python/Python39/Scripts', '/mnt/c/Users/hisur/AppData/Local/Programs/Python/Python39/', '/mnt/c/Program Files/JetBrains/IntelliJ IDEA 2023.3.2/bin', '/mnt/c/Program Files/Java/jdk-21/bin', '/mnt/c/MinGW', '/mnt/c/MinGW/bin', '/mnt/c/Program Files (x86)/Nmap', '/mnt/c/Users/hisur/AppData/Local/spicetify', '/usr/bin/site_perl', '/usr/bin/vendor_perl', '/usr/bin/core_perl', '/home/the.m3chanic/.local/bin', '/home/the.m3chanic/.cargo/env.fish', '/mnt/q/Work/Github/Stockfish/src', '/home/the.m3chanic/quick-start/src/rtems/6/bin'] var='TAR' -> ['/usr/sbin/tar']
-------------------------------------------
Checking for program 'gcc, cc'
/home/the.m3chanic/quick-start/rtems/6/bin/sparc-rtems6-gcc
find program=['gcc', 'cc'] paths=['/home/the.m3chanic/.opam/4.14.1/bin', '/home/the.m3chanic/.cargo/bin', '/home/the.m3chanic/quick-start/rtems/6/bin', '/usr/local/sbin', '/usr/local/bin', '/usr/sbin', '/usr/bin', '/sbin', '/bin', '/usr/games', '/usr/local/games', '/usr/lib/wsl/lib', '/mnt/c/Program Files/WSL', '/mnt/c/Program Files/Common Files/Oracle/Java/javapath', '/mnt/c/Program Files (x86)/Common Files/Oracle/Java/javapath', '/mnt/c/Windows/system32', '/mnt/c/Windows', '/mnt/c/Windows/System32/Wbem', '/mnt/c/Windows/System32/WindowsPowerShell/v1.0/', '/mnt/c/Windows/System32/OpenSSH/', '/mnt/c/Program Files/NVIDIA Corporation/NVIDIA NvDLISR', '/mnt/c/WINDOWS/system32', '/mnt/c/WINDOWS', '/mnt/c/WINDOWS/System32/Wbem', '/mnt/c/WINDOWS/System32/WindowsPowerShell/v1.0/', '/mnt/c/WINDOWS/System32/OpenSSH/', '/mnt/c/Program Files/Git/cmd', '/mnt/c/Program Files/dotnet/', '/mnt/c/Program Files (x86)/NVIDIA Corporation/PhysX/Common', '/mnt/c/Program Files (x86)/Windows Kits/10/Windows Performance Toolkit/', '/mnt/c/Android/platform-tools', "/mnt/c/Users/hisur/AppData/Local/Packages/PythonSoftwareFoundation.Python.3.11_qbz5n2kfra8p0/LocalCache/local-packages/Python311/Scripts'", '/mnt/c/Users/hisur/.cargo/bin', '/mnt/c/Users/hisur/AppData/Local/Microsoft/WindowsApps', '/mnt/c/Program Files/PostgreSQL/15/bin', '/mnt/c/Users/hisur/AppData/Local/Programs/Microsoft VS Code/bin', '/mnt/c/Users/hisur/.dotnet/tools', '/mnt/c/Users/hisur/AppData/Local/Programs/Python/Python39/Scripts', '/mnt/c/Users/hisur/AppData/Local/Programs/Python/Python39/', '/mnt/c/Program Files/JetBrains/IntelliJ IDEA 2023.3.2/bin', '/mnt/c/Program Files/Java/jdk-21/bin', '/mnt/c/MinGW', '/mnt/c/MinGW/bin', '/mnt/c/Program Files (x86)/Nmap', '/mnt/c/Users/hisur/AppData/Local/spicetify', '/usr/bin/site_perl', '/usr/bin/vendor_perl', '/usr/bin/core_perl', '/home/the.m3chanic/.local/bin', '/home/the.m3chanic/.cargo/env.fish', '/mnt/q/Work/Github/Stockfish/src', '/home/the.m3chanic/quick-start/src/rtems/6/bin'] var='CC' -> ['/home/the.m3chanic/quick-start/rtems/6/bin/sparc-rtems6-gcc']
['/home/the.m3chanic/quick-start/rtems/6/bin/sparc-rtems6-gcc', '-dM', '-E', '-']
out: #define __DBL_MIN_EXP__ (-1021)
#define __UINT_LEAST16_MAX__ 0xffff
#define __ATOMIC_ACQUIRE 2
#define __FLT_MIN__ 1.1754943508222875e-38F
#define __GCC_IEC_559_COMPLEX 2
#define __UINT_LEAST8_TYPE__ unsigned char
#define __INTMAX_C(c) c ## LL
#define __CHAR_BIT__ 8
#define __UINT8_MAX__ 0xff
#define __WINT_MAX__ 0xffffffffU
#define __FLT32_MIN_EXP__ (-125)
#define __ORDER_LITTLE_ENDIAN__ 1234
#define __SIZE_MAX__ 0xffffffffU
#define __WCHAR_MAX__ 0x7fffffffL
#define __DBL_DENORM_MIN__ ((double)4.9406564584124654e-324L)
#define __GCC_ATOMIC_CHAR_LOCK_FREE 1
#define __GCC_IEC_559 2
#define __FLT32X_DECIMAL_DIG__ 17
#define __FLT_EVAL_METHOD__ 0
#define __FLT64_DECIMAL_DIG__ 17
#define __GCC_ATOMIC_CHAR32_T_LOCK_FREE 1
#define __UINT_FAST64_MAX__ 0xffffffffffffffffULL
#define __SIG_ATOMIC_TYPE__ int
#define __DBL_MIN_10_EXP__ (-307)
#define __FINITE_MATH_ONLY__ 0
#define __FLT32X_MAX_EXP__ 1024
#define __GNUC_PATCHLEVEL__ 0
#define __FLT32_HAS_DENORM__ 1
#define __UINT_FAST8_MAX__ 0xffffffffU
#define __FLT32_MAX_10_EXP__ 38
#define __INT8_C(c) c
#define __INT_LEAST8_WIDTH__ 8
#define sparc 1
#define __UINT_LEAST64_MAX__ 0xffffffffffffffffULL
#define __SHRT_MAX__ 0x7fff
#define __LDBL_MAX__ 1.7976931348623157e+308L
#define __LDBL_IS_IEC_60559__ 1
#define __UINT_LEAST8_MAX__ 0xff
#define __GCC_ATOMIC_BOOL_LOCK_FREE 1
#define __UINTMAX_TYPE__ long long unsigned int
#define __FLT_EVAL_METHOD_TS_18661_3__ 0
#define __UINT32_MAX__ 0xffffffffU
#define __LDBL_MAX_EXP__ 1024
#define __WINT_MIN__ 0U
#define __FLT32X_IS_IEC_60559__ 1
#define __INT_LEAST16_WIDTH__ 16
#define __SCHAR_MAX__ 0x7f
#define __WCHAR_MIN__ (-__WCHAR_MAX__ - 1)
#define __INT64_C(c) c ## LL
#define __GCC_ATOMIC_POINTER_LOCK_FREE 1
#define __ATOMIC_SEQ_CST 5
#define __SIZEOF_INT__ 4
#define __FLT32X_MANT_DIG__ 53
#define __STDC_HOSTED__ 1
#define __DBL_DIG__ 15
#define __FLT_EPSILON__ 1.1920928955078125e-7F
#define __SHRT_WIDTH__ 16
#define __FLT32_IS_IEC_60559__ 1
#define __LDBL_MIN__ 2.2250738585072014e-308L
#define __STDC_UTF_16__ 1
#define __DBL_IS_IEC_60559__ 1
#define __FLT32X_HAS_INFINITY__ 1
#define __INT32_MAX__ 0x7fffffff
#define __INT_WIDTH__ 32
#define __DECIMAL_DIG__ 17
#define __FLT64_EPSILON__ 2.2204460492503131e-16F64
#define __LDBL_HAS_QUIET_NAN__ 1
#define __FLT64_MANT_DIG__ 53
#define __GNUC__ 13
#define __FLT_HAS_DENORM__ 1
#define __SIZEOF_LONG_DOUBLE__ 8
#define __BIGGEST_ALIGNMENT__ 8
#define __FLT64_MAX_10_EXP__ 308
#define __DBL_MAX__ ((double)1.7976931348623157e+308L)
#define __INT_FAST32_MAX__ 0x7fffffff
#define __DBL_HAS_INFINITY__ 1
#define __HAVE_SPECULATION_SAFE_VALUE 1
#define __INTPTR_WIDTH__ 32
#define __UINT_LEAST32_MAX__ 0xffffffffU
#define __FLT32X_HAS_DENORM__ 1
#define __INT_FAST16_TYPE__ int
#define __LDBL_HAS_DENORM__ 1
#define __INT_LEAST32_MAX__ 0x7fffffff
#define __DBL_MAX_EXP__ 1024
#define __WCHAR_WIDTH__ 32
#define __FLT32_MAX__ 3.4028234663852886e+38F32
#define __GCC_ATOMIC_LONG_LOCK_FREE 1
#define __PTRDIFF_MAX__ 0x7fffffff
#define __FLT32_HAS_QUIET_NAN__ 1
#define __LONG_LONG_MAX__ 0x7fffffffffffffffLL
#define __SIZEOF_SIZE_T__ 4
#define __sparc__ 1
#define __SIZEOF_WINT_T__ 4
#define __LONG_LONG_WIDTH__ 64
#define __FLT32_MAX_EXP__ 128
#define __GXX_ABI_VERSION 1018
#define __FLT_MIN_EXP__ (-125)
#define __INT16_MAX__ 0x7fff
#define __INT_FAST64_TYPE__ long long int
#define __FLT64_DENORM_MIN__ 4.9406564584124654e-324F64
#define __DBL_MIN__ ((double)2.2250738585072014e-308L)
#define __SIZEOF_POINTER__ 4
#define __DBL_HAS_QUIET_NAN__ 1
#define __USE_INIT_FINI__ 1
#define __FLT32X_EPSILON__ 2.2204460492503131e-16F32x
#define __FLT64_MIN_EXP__ (-1021)
#define __FLT64_MIN_10_EXP__ (-307)
#define __REGISTER_PREFIX__ 
#define __UINT16_MAX__ 0xffff
#define __DBL_HAS_DENORM__ 1
#define __LDBL_HAS_INFINITY__ 1
#define __FLT32_MIN__ 1.1754943508222875e-38F32
#define __UINT8_TYPE__ unsigned char
#define __FLT_DIG__ 6
#define __NO_INLINE__ 1
#define __DEC_EVAL_METHOD__ 2
#define __FLT_MANT_DIG__ 24
#define __LDBL_DECIMAL_DIG__ 17
#define __VERSION__ "13.2.0 20230727 (RTEMS 6, RSB d24131ac781eeff8be5a4a5fd185d1be20176461, Newlib 176b19f)"
#define __UINT64_C(c) c ## ULL
#define __GCC_ATOMIC_INT_LOCK_FREE 1
#define __FLT32_MANT_DIG__ 24
#define __FLOAT_WORD_ORDER__ __ORDER_BIG_ENDIAN__
#define __sparc 1
#define __SCHAR_WIDTH__ 8
#define __INT32_C(c) c
#define __ORDER_PDP_ENDIAN__ 3412
#define __INT_FAST32_TYPE__ int
#define __UINT_LEAST16_TYPE__ short unsigned int
#define __SIZE_TYPE__ unsigned int
#define __UINT64_MAX__ 0xffffffffffffffffULL
#define __FLT_IS_IEC_60559__ 1
#define __GNUC_WIDE_EXECUTION_CHARSET_NAME "UTF-32BE"
#define __INT8_TYPE__ signed char
#define __ELF__ 1
#define __rtems__ 1
#define __FLT_RADIX__ 2
#define __INT_LEAST16_TYPE__ short int
#define __LDBL_EPSILON__ 2.2204460492503131e-16L
#define __UINTMAX_C(c) c ## ULL
#define __FLT32X_MIN__ 2.2250738585072014e-308F32x
#define __SIG_ATOMIC_MAX__ 0x7fffffff
#define __GCC_ATOMIC_WCHAR_T_LOCK_FREE 1
#define __USER_LABEL_PREFIX__ 
#define __SIZEOF_PTRDIFF_T__ 4
#define __FLT32_HAS_INFINITY__ 1
#define __SIZEOF_LONG__ 4
#define __LDBL_DIG__ 15
#define __FLT64_IS_IEC_60559__ 1
#define __FLT32X_MIN_EXP__ (-1021)
#define __INT_FAST16_MAX__ 0x7fffffff
#define __FLT64_DIG__ 15
#define __UINT_FAST32_MAX__ 0xffffffffU
#define __UINT_LEAST64_TYPE__ long long unsigned int
#define __FLT_HAS_QUIET_NAN__ 1
#define __FLT_MAX_10_EXP__ 38
#define __LONG_MAX__ 0x7fffffffL
#define __FLT_HAS_INFINITY__ 1
#define __GNUC_EXECUTION_CHARSET_NAME "UTF-8"
#define __UINT_FAST16_TYPE__ unsigned int
#define __INT_FAST32_WIDTH__ 32
#define __CHAR16_TYPE__ short unsigned int
#define __PRAGMA_REDEFINE_EXTNAME 1
#define __SIZE_WIDTH__ 32
#define __INT_LEAST16_MAX__ 0x7fff
#define __INT64_MAX__ 0x7fffffffffffffffLL
#define __FLT32_DENORM_MIN__ 1.4012984643248171e-45F32
#define __SIG_ATOMIC_WIDTH__ 32
#define __INT_LEAST64_TYPE__ long long int
#define __INT16_TYPE__ short int
#define __INT_LEAST8_TYPE__ signed char
#define __STDC_VERSION__ 201710L
#define __INT_FAST8_MAX__ 0x7fffffff
#define __INTPTR_MAX__ 0x7fffffff
#define __FLT64_HAS_QUIET_NAN__ 1
#define __FLT32_MIN_10_EXP__ (-37)
#define __FLT32X_DIG__ 15
#define __UINT16_C(c) c
#define __PTRDIFF_WIDTH__ 32
#define __LDBL_MANT_DIG__ 53
#define __FLT64_HAS_INFINITY__ 1
#define __SIG_ATOMIC_MIN__ (-__SIG_ATOMIC_MAX__ - 1)
#define __INTPTR_TYPE__ int
#define __UINT16_TYPE__ short unsigned int
#define __WCHAR_TYPE__ long int
#define __SIZEOF_FLOAT__ 4
#define __UINTPTR_MAX__ 0xffffffffU
#define __INT_FAST64_WIDTH__ 64
#define __FLT32_DECIMAL_DIG__ 9
#define __INT_FAST64_MAX__ 0x7fffffffffffffffLL
#define __GCC_ATOMIC_TEST_AND_SET_TRUEVAL 255
#define __FLT_NORM_MAX__ 3.4028234663852886e+38F
#define __UINT_FAST64_TYPE__ long long unsigned int
#define __INT_MAX__ 0x7fffffff
#define __INT64_TYPE__ long long int
#define __FLT_MAX_EXP__ 128
#define __DBL_MANT_DIG__ 53
#define __INT_LEAST64_MAX__ 0x7fffffffffffffffLL
#define __GCC_ATOMIC_CHAR16_T_LOCK_FREE 1
#define __WINT_TYPE__ unsigned int
#define __UINT_LEAST32_TYPE__ unsigned int
#define __SIZEOF_SHORT__ 2
#define __FLT32_NORM_MAX__ 3.4028234663852886e+38F32
#define __LDBL_MIN_EXP__ (-1021)
#define __FLT64_MAX__ 1.7976931348623157e+308F64
#define __WINT_WIDTH__ 32
#define __INT_LEAST8_MAX__ 0x7f
#define __INT_LEAST64_WIDTH__ 64
#define __FLT32X_MAX_10_EXP__ 308
#define __LDBL_MAX_10_EXP__ 308
#define __ATOMIC_RELAXED 0
#define __DBL_EPSILON__ ((double)2.2204460492503131e-16L)
#define __INT_LEAST32_TYPE__ int
#define __UINT8_C(c) c
#define __FLT64_MAX_EXP__ 1024
#define __SIZEOF_WCHAR_T__ 4
#define __UINT64_TYPE__ long long unsigned int
#define __FLT64_NORM_MAX__ 1.7976931348623157e+308F64
#define __INTMAX_MAX__ 0x7fffffffffffffffLL
#define __INT_FAST8_TYPE__ int
#define __GNUC_STDC_INLINE__ 1
#define __FLT64_HAS_DENORM__ 1
#define __FLT32_EPSILON__ 1.1920928955078125e-7F32
#define __DBL_DECIMAL_DIG__ 17
#define __STDC_UTF_32__ 1
#define __INT_FAST8_WIDTH__ 32
#define __FLT32X_MAX__ 1.7976931348623157e+308F32x
#define __DBL_NORM_MAX__ ((double)1.7976931348623157e+308L)
#define __BYTE_ORDER__ __ORDER_BIG_ENDIAN__
#define __INTMAX_WIDTH__ 64
#define __ORDER_BIG_ENDIAN__ 4321
#define __FLT32_DIG__ 6
#define __UINT32_C(c) c ## U
#define __FLT_DENORM_MIN__ 1.4012984643248171e-45F
#define __INT8_MAX__ 0x7f
#define __LONG_WIDTH__ 32
#define __UINT_FAST32_TYPE__ unsigned int
#define __FLT32X_NORM_MAX__ 1.7976931348623157e+308F32x
#define __CHAR32_TYPE__ unsigned int
#define __FLT_MAX__ 3.4028234663852886e+38F
#define __INT32_TYPE__ int
#define __SIZEOF_DOUBLE__ 8
#define __FLT_MIN_10_EXP__ (-37)
#define __FLT64_MIN__ 2.2250738585072014e-308F64
#define __INT_LEAST32_WIDTH__ 32
#define __INTMAX_TYPE__ long long int
#define __FLT32X_HAS_QUIET_NAN__ 1
#define __ATOMIC_CONSUME 1
#define __GNUC_MINOR__ 2
#define __INT_FAST16_WIDTH__ 32
#define __UINTMAX_MAX__ 0xffffffffffffffffULL
#define __FLT32X_DENORM_MIN__ 4.9406564584124654e-324F32x
#define __DBL_MAX_10_EXP__ 308
#define __LDBL_DENORM_MIN__ 4.9406564584124654e-324L
#define __INT16_C(c) c
#define __STDC__ 1
#define __PTRDIFF_TYPE__ int
#define __UINT32_TYPE__ unsigned int
#define __FLT32X_MIN_10_EXP__ (-307)
#define __UINTPTR_TYPE__ unsigned int
#define __LDBL_MIN_10_EXP__ (-307)
#define __SIZEOF_LONG_LONG__ 8
#define __GCC_ATOMIC_LLONG_LOCK_FREE 1
#define __FLT_DECIMAL_DIG__ 9
#define __UINT_FAST16_MAX__ 0xffffffffU
#define __LDBL_NORM_MAX__ 1.7976931348623157e+308L
#define __GCC_ATOMIC_SHORT_LOCK_FREE 1
#define __UINT_FAST8_TYPE__ unsigned int
#define __ATOMIC_ACQ_REL 4
#define __ATOMIC_RELEASE 3

-------------------------------------------
Checking for program 'ar'
/home/the.m3chanic/quick-start/rtems/6/bin/sparc-rtems6-ar
find program=['ar'] paths=['/home/the.m3chanic/.opam/4.14.1/bin', '/home/the.m3chanic/.cargo/bin', '/home/the.m3chanic/quick-start/rtems/6/bin', '/usr/local/sbin', '/usr/local/bin', '/usr/sbin', '/usr/bin', '/sbin', '/bin', '/usr/games', '/usr/local/games', '/usr/lib/wsl/lib', '/mnt/c/Program Files/WSL', '/mnt/c/Program Files/Common Files/Oracle/Java/javapath', '/mnt/c/Program Files (x86)/Common Files/Oracle/Java/javapath', '/mnt/c/Windows/system32', '/mnt/c/Windows', '/mnt/c/Windows/System32/Wbem', '/mnt/c/Windows/System32/WindowsPowerShell/v1.0/', '/mnt/c/Windows/System32/OpenSSH/', '/mnt/c/Program Files/NVIDIA Corporation/NVIDIA NvDLISR', '/mnt/c/WINDOWS/system32', '/mnt/c/WINDOWS', '/mnt/c/WINDOWS/System32/Wbem', '/mnt/c/WINDOWS/System32/WindowsPowerShell/v1.0/', '/mnt/c/WINDOWS/System32/OpenSSH/', '/mnt/c/Program Files/Git/cmd', '/mnt/c/Program Files/dotnet/', '/mnt/c/Program Files (x86)/NVIDIA Corporation/PhysX/Common', '/mnt/c/Program Files (x86)/Windows Kits/10/Windows Performance Toolkit/', '/mnt/c/Android/platform-tools', "/mnt/c/Users/hisur/AppData/Local/Packages/PythonSoftwareFoundation.Python.3.11_qbz5n2kfra8p0/LocalCache/local-packages/Python311/Scripts'", '/mnt/c/Users/hisur/.cargo/bin', '/mnt/c/Users/hisur/AppData/Local/Microsoft/WindowsApps', '/mnt/c/Program Files/PostgreSQL/15/bin', '/mnt/c/Users/hisur/AppData/Local/Programs/Microsoft VS Code/bin', '/mnt/c/Users/hisur/.dotnet/tools', '/mnt/c/Users/hisur/AppData/Local/Programs/Python/Python39/Scripts', '/mnt/c/Users/hisur/AppData/Local/Programs/Python/Python39/', '/mnt/c/Program Files/JetBrains/IntelliJ IDEA 2023.3.2/bin', '/mnt/c/Program Files/Java/jdk-21/bin', '/mnt/c/MinGW', '/mnt/c/MinGW/bin', '/mnt/c/Program Files (x86)/Nmap', '/mnt/c/Users/hisur/AppData/Local/spicetify', '/usr/bin/site_perl', '/usr/bin/vendor_perl', '/usr/bin/core_perl', '/home/the.m3chanic/.local/bin', '/home/the.m3chanic/.cargo/env.fish', '/mnt/q/Work/Github/Stockfish/src', '/home/the.m3chanic/quick-start/src/rtems/6/bin'] var='AR' -> ['/home/the.m3chanic/quick-start/rtems/6/bin/sparc-rtems6-ar']
-------------------------------------------
Checking for program 'g++, c++'
/home/the.m3chanic/quick-start/rtems/6/bin/sparc-rtems6-g++
find program=['g++', 'c++'] paths=['/home/the.m3chanic/.opam/4.14.1/bin', '/home/the.m3chanic/.cargo/bin', '/home/the.m3chanic/quick-start/rtems/6/bin', '/usr/local/sbin', '/usr/local/bin', '/usr/sbin', '/usr/bin', '/sbin', '/bin', '/usr/games', '/usr/local/games', '/usr/lib/wsl/lib', '/mnt/c/Program Files/WSL', '/mnt/c/Program Files/Common Files/Oracle/Java/javapath', '/mnt/c/Program Files (x86)/Common Files/Oracle/Java/javapath', '/mnt/c/Windows/system32', '/mnt/c/Windows', '/mnt/c/Windows/System32/Wbem', '/mnt/c/Windows/System32/WindowsPowerShell/v1.0/', '/mnt/c/Windows/System32/OpenSSH/', '/mnt/c/Program Files/NVIDIA Corporation/NVIDIA NvDLISR', '/mnt/c/WINDOWS/system32', '/mnt/c/WINDOWS', '/mnt/c/WINDOWS/System32/Wbem', '/mnt/c/WINDOWS/System32/WindowsPowerShell/v1.0/', '/mnt/c/WINDOWS/System32/OpenSSH/', '/mnt/c/Program Files/Git/cmd', '/mnt/c/Program Files/dotnet/', '/mnt/c/Program Files (x86)/NVIDIA Corporation/PhysX/Common', '/mnt/c/Program Files (x86)/Windows Kits/10/Windows Performance Toolkit/', '/mnt/c/Android/platform-tools', "/mnt/c/Users/hisur/AppData/Local/Packages/PythonSoftwareFoundation.Python.3.11_qbz5n2kfra8p0/LocalCache/local-packages/Python311/Scripts'", '/mnt/c/Users/hisur/.cargo/bin', '/mnt/c/Users/hisur/AppData/Local/Microsoft/WindowsApps', '/mnt/c/Program Files/PostgreSQL/15/bin', '/mnt/c/Users/hisur/AppData/Local/Programs/Microsoft VS Code/bin', '/mnt/c/Users/hisur/.dotnet/tools', '/mnt/c/Users/hisur/AppData/Local/Programs/Python/Python39/Scripts', '/mnt/c/Users/hisur/AppData/Local/Programs/Python/Python39/', '/mnt/c/Program Files/JetBrains/IntelliJ IDEA 2023.3.2/bin', '/mnt/c/Program Files/Java/jdk-21/bin', '/mnt/c/MinGW', '/mnt/c/MinGW/bin', '/mnt/c/Program Files (x86)/Nmap', '/mnt/c/Users/hisur/AppData/Local/spicetify', '/usr/bin/site_perl', '/usr/bin/vendor_perl', '/usr/bin/core_perl', '/home/the.m3chanic/.local/bin', '/home/the.m3chanic/.cargo/env.fish', '/mnt/q/Work/Github/Stockfish/src', '/home/the.m3chanic/quick-start/src/rtems/6/bin'] var='CXX' -> ['/home/the.m3chanic/quick-start/rtems/6/bin/sparc-rtems6-g++']
['/home/the.m3chanic/quick-start/rtems/6/bin/sparc-rtems6-g++', '-dM', '-E', '-']
out: #define __DBL_MIN_EXP__ (-1021)
#define __UINT_LEAST16_MAX__ 0xffff
#define __ATOMIC_ACQUIRE 2
#define __FLT_MIN__ 1.1754943508222875e-38F
#define __GCC_IEC_559_COMPLEX 2
#define __UINT_LEAST8_TYPE__ unsigned char
#define __INTMAX_C(c) c ## LL
#define __CHAR_BIT__ 8
#define __UINT8_MAX__ 0xff
#define __WINT_MAX__ 0xffffffffU
#define __FLT32_MIN_EXP__ (-125)
#define __ORDER_LITTLE_ENDIAN__ 1234
#define __SIZE_MAX__ 0xffffffffU
#define __WCHAR_MAX__ 0x7fffffffL
#define __DBL_DENORM_MIN__ ((double)4.9406564584124654e-324L)
#define __GCC_ATOMIC_CHAR_LOCK_FREE 1
#define __GCC_IEC_559 2
#define __FLT32X_DECIMAL_DIG__ 17
#define __FLT_EVAL_METHOD__ 0
#define __FLT64_DECIMAL_DIG__ 17
#define __GCC_ATOMIC_CHAR32_T_LOCK_FREE 1
#define __UINT_FAST64_MAX__ 0xffffffffffffffffULL
#define __SIG_ATOMIC_TYPE__ int
#define __DBL_MIN_10_EXP__ (-307)
#define __FINITE_MATH_ONLY__ 0
#define __FLT32X_MAX_EXP__ 1024
#define __GNUC_PATCHLEVEL__ 0
#define __FLT32_HAS_DENORM__ 1
#define __UINT_FAST8_MAX__ 0xffffffffU
#define __FLT32_MAX_10_EXP__ 38
#define __INT8_C(c) c
#define __INT_LEAST8_WIDTH__ 8
#define sparc 1
#define __UINT_LEAST64_MAX__ 0xffffffffffffffffULL
#define __SHRT_MAX__ 0x7fff
#define __LDBL_MAX__ 1.7976931348623157e+308L
#define __LDBL_IS_IEC_60559__ 1
#define __UINT_LEAST8_MAX__ 0xff
#define __GCC_ATOMIC_BOOL_LOCK_FREE 1
#define __UINTMAX_TYPE__ long long unsigned int
#define __FLT_EVAL_METHOD_TS_18661_3__ 0
#define __UINT32_MAX__ 0xffffffffU
#define __LDBL_MAX_EXP__ 1024
#define __WINT_MIN__ 0U
#define __FLT32X_IS_IEC_60559__ 1
#define __INT_LEAST16_WIDTH__ 16
#define __SCHAR_MAX__ 0x7f
#define __WCHAR_MIN__ (-__WCHAR_MAX__ - 1)
#define __INT64_C(c) c ## LL
#define __GCC_ATOMIC_POINTER_LOCK_FREE 1
#define __ATOMIC_SEQ_CST 5
#define __SIZEOF_INT__ 4
#define __FLT32X_MANT_DIG__ 53
#define __STDC_HOSTED__ 1
#define __DBL_DIG__ 15
#define __FLT_EPSILON__ 1.1920928955078125e-7F
#define __SHRT_WIDTH__ 16
#define __FLT32_IS_IEC_60559__ 1
#define __LDBL_MIN__ 2.2250738585072014e-308L
#define __STDC_UTF_16__ 1
#define __DBL_IS_IEC_60559__ 1
#define __FLT32X_HAS_INFINITY__ 1
#define __INT32_MAX__ 0x7fffffff
#define __INT_WIDTH__ 32
#define __DECIMAL_DIG__ 17
#define __FLT64_EPSILON__ 2.2204460492503131e-16F64
#define __LDBL_HAS_QUIET_NAN__ 1
#define __FLT64_MANT_DIG__ 53
#define __GNUC__ 13
#define __FLT_HAS_DENORM__ 1
#define __SIZEOF_LONG_DOUBLE__ 8
#define __BIGGEST_ALIGNMENT__ 8
#define __FLT64_MAX_10_EXP__ 308
#define __DBL_MAX__ ((double)1.7976931348623157e+308L)
#define __INT_FAST32_MAX__ 0x7fffffff
#define __DBL_HAS_INFINITY__ 1
#define __HAVE_SPECULATION_SAFE_VALUE 1
#define __INTPTR_WIDTH__ 32
#define __UINT_LEAST32_MAX__ 0xffffffffU
#define __FLT32X_HAS_DENORM__ 1
#define __INT_FAST16_TYPE__ int
#define __LDBL_HAS_DENORM__ 1
#define __INT_LEAST32_MAX__ 0x7fffffff
#define __DBL_MAX_EXP__ 1024
#define __WCHAR_WIDTH__ 32
#define __FLT32_MAX__ 3.4028234663852886e+38F32
#define __GCC_ATOMIC_LONG_LOCK_FREE 1
#define __PTRDIFF_MAX__ 0x7fffffff
#define __FLT32_HAS_QUIET_NAN__ 1
#define __LONG_LONG_MAX__ 0x7fffffffffffffffLL
#define __SIZEOF_SIZE_T__ 4
#define __sparc__ 1
#define __SIZEOF_WINT_T__ 4
#define __LONG_LONG_WIDTH__ 64
#define __FLT32_MAX_EXP__ 128
#define __GXX_ABI_VERSION 1018
#define __FLT_MIN_EXP__ (-125)
#define __INT16_MAX__ 0x7fff
#define __INT_FAST64_TYPE__ long long int
#define __FLT64_DENORM_MIN__ 4.9406564584124654e-324F64
#define __DBL_MIN__ ((double)2.2250738585072014e-308L)
#define __SIZEOF_POINTER__ 4
#define __DBL_HAS_QUIET_NAN__ 1
#define __USE_INIT_FINI__ 1
#define __FLT32X_EPSILON__ 2.2204460492503131e-16F32x
#define __FLT64_MIN_EXP__ (-1021)
#define __FLT64_MIN_10_EXP__ (-307)
#define __REGISTER_PREFIX__ 
#define __UINT16_MAX__ 0xffff
#define __DBL_HAS_DENORM__ 1
#define __LDBL_HAS_INFINITY__ 1
#define __FLT32_MIN__ 1.1754943508222875e-38F32
#define __UINT8_TYPE__ unsigned char
#define __FLT_DIG__ 6
#define __NO_INLINE__ 1
#define __DEC_EVAL_METHOD__ 2
#define __FLT_MANT_DIG__ 24
#define __LDBL_DECIMAL_DIG__ 17
#define __VERSION__ "13.2.0 20230727 (RTEMS 6, RSB d24131ac781eeff8be5a4a5fd185d1be20176461, Newlib 176b19f)"
#define __UINT64_C(c) c ## ULL
#define __GCC_ATOMIC_INT_LOCK_FREE 1
#define __FLT32_MANT_DIG__ 24
#define __FLOAT_WORD_ORDER__ __ORDER_BIG_ENDIAN__
#define __sparc 1
#define __SCHAR_WIDTH__ 8
#define __INT32_C(c) c
#define __ORDER_PDP_ENDIAN__ 3412
#define __INT_FAST32_TYPE__ int
#define __UINT_LEAST16_TYPE__ short unsigned int
#define __SIZE_TYPE__ unsigned int
#define __UINT64_MAX__ 0xffffffffffffffffULL
#define __FLT_IS_IEC_60559__ 1
#define __GNUC_WIDE_EXECUTION_CHARSET_NAME "UTF-32BE"
#define __INT8_TYPE__ signed char
#define __ELF__ 1
#define __rtems__ 1
#define __FLT_RADIX__ 2
#define __INT_LEAST16_TYPE__ short int
#define __LDBL_EPSILON__ 2.2204460492503131e-16L
#define __UINTMAX_C(c) c ## ULL
#define __FLT32X_MIN__ 2.2250738585072014e-308F32x
#define __SIG_ATOMIC_MAX__ 0x7fffffff
#define __GCC_ATOMIC_WCHAR_T_LOCK_FREE 1
#define __USER_LABEL_PREFIX__ 
#define __SIZEOF_PTRDIFF_T__ 4
#define __FLT32_HAS_INFINITY__ 1
#define __SIZEOF_LONG__ 4
#define __LDBL_DIG__ 15
#define __FLT64_IS_IEC_60559__ 1
#define __FLT32X_MIN_EXP__ (-1021)
#define __INT_FAST16_MAX__ 0x7fffffff
#define __FLT64_DIG__ 15
#define __UINT_FAST32_MAX__ 0xffffffffU
#define __UINT_LEAST64_TYPE__ long long unsigned int
#define __FLT_HAS_QUIET_NAN__ 1
#define __FLT_MAX_10_EXP__ 38
#define __LONG_MAX__ 0x7fffffffL
#define __FLT_HAS_INFINITY__ 1
#define __GNUC_EXECUTION_CHARSET_NAME "UTF-8"
#define __UINT_FAST16_TYPE__ unsigned int
#define __INT_FAST32_WIDTH__ 32
#define __CHAR16_TYPE__ short unsigned int
#define __PRAGMA_REDEFINE_EXTNAME 1
#define __SIZE_WIDTH__ 32
#define __INT_LEAST16_MAX__ 0x7fff
#define __INT64_MAX__ 0x7fffffffffffffffLL
#define __FLT32_DENORM_MIN__ 1.4012984643248171e-45F32
#define __SIG_ATOMIC_WIDTH__ 32
#define __INT_LEAST64_TYPE__ long long int
#define __INT16_TYPE__ short int
#define __INT_LEAST8_TYPE__ signed char
#define __STDC_VERSION__ 201710L
#define __INT_FAST8_MAX__ 0x7fffffff
#define __INTPTR_MAX__ 0x7fffffff
#define __FLT64_HAS_QUIET_NAN__ 1
#define __FLT32_MIN_10_EXP__ (-37)
#define __FLT32X_DIG__ 15
#define __UINT16_C(c) c
#define __PTRDIFF_WIDTH__ 32
#define __LDBL_MANT_DIG__ 53
#define __FLT64_HAS_INFINITY__ 1
#define __SIG_ATOMIC_MIN__ (-__SIG_ATOMIC_MAX__ - 1)
#define __INTPTR_TYPE__ int
#define __UINT16_TYPE__ short unsigned int
#define __WCHAR_TYPE__ long int
#define __SIZEOF_FLOAT__ 4
#define __UINTPTR_MAX__ 0xffffffffU
#define __INT_FAST64_WIDTH__ 64
#define __FLT32_DECIMAL_DIG__ 9
#define __INT_FAST64_MAX__ 0x7fffffffffffffffLL
#define __GCC_ATOMIC_TEST_AND_SET_TRUEVAL 255
#define __FLT_NORM_MAX__ 3.4028234663852886e+38F
#define __UINT_FAST64_TYPE__ long long unsigned int
#define __INT_MAX__ 0x7fffffff
#define __INT64_TYPE__ long long int
#define __FLT_MAX_EXP__ 128
#define __DBL_MANT_DIG__ 53
#define __INT_LEAST64_MAX__ 0x7fffffffffffffffLL
#define __GCC_ATOMIC_CHAR16_T_LOCK_FREE 1
#define __WINT_TYPE__ unsigned int
#define __UINT_LEAST32_TYPE__ unsigned int
#define __SIZEOF_SHORT__ 2
#define __FLT32_NORM_MAX__ 3.4028234663852886e+38F32
#define __LDBL_MIN_EXP__ (-1021)
#define __FLT64_MAX__ 1.7976931348623157e+308F64
#define __WINT_WIDTH__ 32
#define __INT_LEAST8_MAX__ 0x7f
#define __INT_LEAST64_WIDTH__ 64
#define __FLT32X_MAX_10_EXP__ 308
#define __LDBL_MAX_10_EXP__ 308
#define __ATOMIC_RELAXED 0
#define __DBL_EPSILON__ ((double)2.2204460492503131e-16L)
#define __INT_LEAST32_TYPE__ int
#define __UINT8_C(c) c
#define __FLT64_MAX_EXP__ 1024
#define __SIZEOF_WCHAR_T__ 4
#define __UINT64_TYPE__ long long unsigned int
#define __FLT64_NORM_MAX__ 1.7976931348623157e+308F64
#define __INTMAX_MAX__ 0x7fffffffffffffffLL
#define __INT_FAST8_TYPE__ int
#define __GNUC_STDC_INLINE__ 1
#define __FLT64_HAS_DENORM__ 1
#define __FLT32_EPSILON__ 1.1920928955078125e-7F32
#define __DBL_DECIMAL_DIG__ 17
#define __STDC_UTF_32__ 1
#define __INT_FAST8_WIDTH__ 32
#define __FLT32X_MAX__ 1.7976931348623157e+308F32x
#define __DBL_NORM_MAX__ ((double)1.7976931348623157e+308L)
#define __BYTE_ORDER__ __ORDER_BIG_ENDIAN__
#define __INTMAX_WIDTH__ 64
#define __ORDER_BIG_ENDIAN__ 4321
#define __FLT32_DIG__ 6
#define __UINT32_C(c) c ## U
#define __FLT_DENORM_MIN__ 1.4012984643248171e-45F
#define __INT8_MAX__ 0x7f
#define __LONG_WIDTH__ 32
#define __UINT_FAST32_TYPE__ unsigned int
#define __FLT32X_NORM_MAX__ 1.7976931348623157e+308F32x
#define __CHAR32_TYPE__ unsigned int
#define __FLT_MAX__ 3.4028234663852886e+38F
#define __INT32_TYPE__ int
#define __SIZEOF_DOUBLE__ 8
#define __FLT_MIN_10_EXP__ (-37)
#define __FLT64_MIN__ 2.2250738585072014e-308F64
#define __INT_LEAST32_WIDTH__ 32
#define __INTMAX_TYPE__ long long int
#define __FLT32X_HAS_QUIET_NAN__ 1
#define __ATOMIC_CONSUME 1
#define __GNUC_MINOR__ 2
#define __INT_FAST16_WIDTH__ 32
#define __UINTMAX_MAX__ 0xffffffffffffffffULL
#define __FLT32X_DENORM_MIN__ 4.9406564584124654e-324F32x
#define __DBL_MAX_10_EXP__ 308
#define __LDBL_DENORM_MIN__ 4.9406564584124654e-324L
#define __INT16_C(c) c
#define __STDC__ 1
#define __PTRDIFF_TYPE__ int
#define __UINT32_TYPE__ unsigned int
#define __FLT32X_MIN_10_EXP__ (-307)
#define __UINTPTR_TYPE__ unsigned int
#define __LDBL_MIN_10_EXP__ (-307)
#define __SIZEOF_LONG_LONG__ 8
#define __GCC_ATOMIC_LLONG_LOCK_FREE 1
#define __FLT_DECIMAL_DIG__ 9
#define __UINT_FAST16_MAX__ 0xffffffffU
#define __LDBL_NORM_MAX__ 1.7976931348623157e+308L
#define __GCC_ATOMIC_SHORT_LOCK_FREE 1
#define __UINT_FAST8_TYPE__ unsigned int
#define __ATOMIC_ACQ_REL 4
#define __ATOMIC_RELEASE 3

-------------------------------------------
Checking for program 'ar'
/home/the.m3chanic/quick-start/rtems/6/bin/sparc-rtems6-ar
find program=['ar'] paths=['/home/the.m3chanic/.opam/4.14.1/bin', '/home/the.m3chanic/.cargo/bin', '/home/the.m3chanic/quick-start/rtems/6/bin', '/usr/local/sbin', '/usr/local/bin', '/usr/sbin', '/usr/bin', '/sbin', '/bin', '/usr/games', '/usr/local/games', '/usr/lib/wsl/lib', '/mnt/c/Program Files/WSL', '/mnt/c/Program Files/Common Files/Oracle/Java/javapath', '/mnt/c/Program Files (x86)/Common Files/Oracle/Java/javapath', '/mnt/c/Windows/system32', '/mnt/c/Windows', '/mnt/c/Windows/System32/Wbem', '/mnt/c/Windows/System32/WindowsPowerShell/v1.0/', '/mnt/c/Windows/System32/OpenSSH/', '/mnt/c/Program Files/NVIDIA Corporation/NVIDIA NvDLISR', '/mnt/c/WINDOWS/system32', '/mnt/c/WINDOWS', '/mnt/c/WINDOWS/System32/Wbem', '/mnt/c/WINDOWS/System32/WindowsPowerShell/v1.0/', '/mnt/c/WINDOWS/System32/OpenSSH/', '/mnt/c/Program Files/Git/cmd', '/mnt/c/Program Files/dotnet/', '/mnt/c/Program Files (x86)/NVIDIA Corporation/PhysX/Common', '/mnt/c/Program Files (x86)/Windows Kits/10/Windows Performance Toolkit/', '/mnt/c/Android/platform-tools', "/mnt/c/Users/hisur/AppData/Local/Packages/PythonSoftwareFoundation.Python.3.11_qbz5n2kfra8p0/LocalCache/local-packages/Python311/Scripts'", '/mnt/c/Users/hisur/.cargo/bin', '/mnt/c/Users/hisur/AppData/Local/Microsoft/WindowsApps', '/mnt/c/Program Files/PostgreSQL/15/bin', '/mnt/c/Users/hisur/AppData/Local/Programs/Microsoft VS Code/bin', '/mnt/c/Users/hisur/.dotnet/tools', '/mnt/c/Users/hisur/AppData/Local/Programs/Python/Python39/Scripts', '/mnt/c/Users/hisur/AppData/Local/Programs/Python/Python39/', '/mnt/c/Program Files/JetBrains/IntelliJ IDEA 2023.3.2/bin', '/mnt/c/Program Files/Java/jdk-21/bin', '/mnt/c/MinGW', '/mnt/c/MinGW/bin', '/mnt/c/Program Files (x86)/Nmap', '/mnt/c/Users/hisur/AppData/Local/spicetify', '/usr/bin/site_perl', '/usr/bin/vendor_perl', '/usr/bin/core_perl', '/home/the.m3chanic/.local/bin', '/home/the.m3chanic/.cargo/env.fish', '/mnt/q/Work/Github/Stockfish/src', '/home/the.m3chanic/quick-start/src/rtems/6/bin'] var='AR' -> ['/home/the.m3chanic/quick-start/rtems/6/bin/sparc-rtems6-ar']
-------------------------------------------
Checking for program 'gas, gcc'
/home/the.m3chanic/quick-start/rtems/6/bin/sparc-rtems6-gcc
find program=['gas', 'gcc'] paths=['/home/the.m3chanic/.opam/4.14.1/bin', '/home/the.m3chanic/.cargo/bin', '/home/the.m3chanic/quick-start/rtems/6/bin', '/usr/local/sbin', '/usr/local/bin', '/usr/sbin', '/usr/bin', '/sbin', '/bin', '/usr/games', '/usr/local/games', '/usr/lib/wsl/lib', '/mnt/c/Program Files/WSL', '/mnt/c/Program Files/Common Files/Oracle/Java/javapath', '/mnt/c/Program Files (x86)/Common Files/Oracle/Java/javapath', '/mnt/c/Windows/system32', '/mnt/c/Windows', '/mnt/c/Windows/System32/Wbem', '/mnt/c/Windows/System32/WindowsPowerShell/v1.0/', '/mnt/c/Windows/System32/OpenSSH/', '/mnt/c/Program Files/NVIDIA Corporation/NVIDIA NvDLISR', '/mnt/c/WINDOWS/system32', '/mnt/c/WINDOWS', '/mnt/c/WINDOWS/System32/Wbem', '/mnt/c/WINDOWS/System32/WindowsPowerShell/v1.0/', '/mnt/c/WINDOWS/System32/OpenSSH/', '/mnt/c/Program Files/Git/cmd', '/mnt/c/Program Files/dotnet/', '/mnt/c/Program Files (x86)/NVIDIA Corporation/PhysX/Common', '/mnt/c/Program Files (x86)/Windows Kits/10/Windows Performance Toolkit/', '/mnt/c/Android/platform-tools', "/mnt/c/Users/hisur/AppData/Local/Packages/PythonSoftwareFoundation.Python.3.11_qbz5n2kfra8p0/LocalCache/local-packages/Python311/Scripts'", '/mnt/c/Users/hisur/.cargo/bin', '/mnt/c/Users/hisur/AppData/Local/Microsoft/WindowsApps', '/mnt/c/Program Files/PostgreSQL/15/bin', '/mnt/c/Users/hisur/AppData/Local/Programs/Microsoft VS Code/bin', '/mnt/c/Users/hisur/.dotnet/tools', '/mnt/c/Users/hisur/AppData/Local/Programs/Python/Python39/Scripts', '/mnt/c/Users/hisur/AppData/Local/Programs/Python/Python39/', '/mnt/c/Program Files/JetBrains/IntelliJ IDEA 2023.3.2/bin', '/mnt/c/Program Files/Java/jdk-21/bin', '/mnt/c/MinGW', '/mnt/c/MinGW/bin', '/mnt/c/Program Files (x86)/Nmap', '/mnt/c/Users/hisur/AppData/Local/spicetify', '/usr/bin/site_perl', '/usr/bin/vendor_perl', '/usr/bin/core_perl', '/home/the.m3chanic/.local/bin', '/home/the.m3chanic/.cargo/env.fish', '/mnt/q/Work/Github/Stockfish/src', '/home/the.m3chanic/quick-start/src/rtems/6/bin'] var='AS' -> ['/home/the.m3chanic/quick-start/rtems/6/bin/sparc-rtems6-gcc']
-------------------------------------------
Checking for program 'ar'
/home/the.m3chanic/quick-start/rtems/6/bin/sparc-rtems6-ar
find program=['ar'] paths=['/home/the.m3chanic/.opam/4.14.1/bin', '/home/the.m3chanic/.cargo/bin', '/home/the.m3chanic/quick-start/rtems/6/bin', '/usr/local/sbin', '/usr/local/bin', '/usr/sbin', '/usr/bin', '/sbin', '/bin', '/usr/games', '/usr/local/games', '/usr/lib/wsl/lib', '/mnt/c/Program Files/WSL', '/mnt/c/Program Files/Common Files/Oracle/Java/javapath', '/mnt/c/Program Files (x86)/Common Files/Oracle/Java/javapath', '/mnt/c/Windows/system32', '/mnt/c/Windows', '/mnt/c/Windows/System32/Wbem', '/mnt/c/Windows/System32/WindowsPowerShell/v1.0/', '/mnt/c/Windows/System32/OpenSSH/', '/mnt/c/Program Files/NVIDIA Corporation/NVIDIA NvDLISR', '/mnt/c/WINDOWS/system32', '/mnt/c/WINDOWS', '/mnt/c/WINDOWS/System32/Wbem', '/mnt/c/WINDOWS/System32/WindowsPowerShell/v1.0/', '/mnt/c/WINDOWS/System32/OpenSSH/', '/mnt/c/Program Files/Git/cmd', '/mnt/c/Program Files/dotnet/', '/mnt/c/Program Files (x86)/NVIDIA Corporation/PhysX/Common', '/mnt/c/Program Files (x86)/Windows Kits/10/Windows Performance Toolkit/', '/mnt/c/Android/platform-tools', "/mnt/c/Users/hisur/AppData/Local/Packages/PythonSoftwareFoundation.Python.3.11_qbz5n2kfra8p0/LocalCache/local-packages/Python311/Scripts'", '/mnt/c/Users/hisur/.cargo/bin', '/mnt/c/Users/hisur/AppData/Local/Microsoft/WindowsApps', '/mnt/c/Program Files/PostgreSQL/15/bin', '/mnt/c/Users/hisur/AppData/Local/Programs/Microsoft VS Code/bin', '/mnt/c/Users/hisur/.dotnet/tools', '/mnt/c/Users/hisur/AppData/Local/Programs/Python/Python39/Scripts', '/mnt/c/Users/hisur/AppData/Local/Programs/Python/Python39/', '/mnt/c/Program Files/JetBrains/IntelliJ IDEA 2023.3.2/bin', '/mnt/c/Program Files/Java/jdk-21/bin', '/mnt/c/MinGW', '/mnt/c/MinGW/bin', '/mnt/c/Program Files (x86)/Nmap', '/mnt/c/Users/hisur/AppData/Local/spicetify', '/usr/bin/site_perl', '/usr/bin/vendor_perl', '/usr/bin/core_perl', '/home/the.m3chanic/.local/bin', '/home/the.m3chanic/.cargo/env.fish', '/mnt/q/Work/Github/Stockfish/src', '/home/the.m3chanic/quick-start/src/rtems/6/bin'] var='AR' -> ['/home/the.m3chanic/quick-start/rtems/6/bin/sparc-rtems6-ar']
-------------------------------------------
Checking for c flags '-MMD'
==>
int main() { return 0; }
<==
[1/1] Compiling [32mbuild/.conf_check_509462851c9724c0a8dfb70e8a94563b/test.c[0m

['/home/the.m3chanic/quick-start/rtems/6/bin/sparc-rtems6-gcc', '-MMD', '../test.c', '-c', '-o/mnt/q/Work/Github/RTEMS-GSoC/build/.conf_check_509462851c9724c0a8dfb70e8a94563b/testbuild/test.c.1.o']
yes
-------------------------------------------
Checking for cxx flags '-MMD'
==>
int main() { return 0; }
<==
[1/1] Compiling [32mbuild/.conf_check_a483f89cb2b8760c1662d80180dd6fd4/test.cpp[0m

['/home/the.m3chanic/quick-start/rtems/6/bin/sparc-rtems6-g++', '-MMD', '../test.cpp', '-c', '-o/mnt/q/Work/Github/RTEMS-GSoC/build/.conf_check_a483f89cb2b8760c1662d80180dd6fd4/testbuild/test.cpp.1.o']
yes
['/home/the.m3chanic/quick-start/rtems/6/bin/sparc-rtems6-gcc', '--version']
out: sparc-rtems6-gcc (GCC) 13.2.0 20230727 (RTEMS 6, RSB d24131ac781eeff8be5a4a5fd185d1be20176461, Newlib 176b19f)
Copyright (C) 2023 Free Software Foundation, Inc.
This is free software; see the source for copying conditions.  There is NO
warranty; not even for MERCHANTABILITY or FITNESS FOR A PARTICULAR PURPOSE.


-------------------------------------------
Compiler version (sparc-rtems6-gcc)
13.2.0 20230727 (RTEMS 6, RSB d24131ac781eeff8be5a4a5fd185d1be20176461, Newlib 176b19f)
Opening and load pkgconfig: /home/the.m3chanic/quick-start/rtems/6/lib/pkgconfig/sparc-rtems6-erc32.pc
-----------------------------------------
CFLAGS ->
   -mcpu=cypress -isystem/home/the.m3chanic/quick-start/rtems/6/sparc-rtems6/erc32/lib/include
LDFLAGS ->
   -B/home/the.m3chanic/quick-start/rtems/6/sparc-rtems6/erc32/lib -qrtems -Wl,--gc-sections
LIB ->
pkconfig warning: Label not found: LIB
  
-------------------------------------------
Checking for a valid RTEMS BSP installation
==>
#include <rtems.h>
void Init(rtems_task_argument arg) { (void)arg; }
#define CONFIGURE_APPLICATION_DOES_NOT_NEED_CLOCK_DRIVER
#define CONFIGURE_MAXIMUM_TASKS 1
#define CONFIGURE_RTEMS_INIT_TASKS_TABLE
#define CONFIGURE_INIT
#include <rtems/confdefs.h>
<==
[1/2] Compiling [32mbuild/.conf_check_261484d99ea5da27480d47dee9a30c04/test.c[0m

['/home/the.m3chanic/quick-start/rtems/6/bin/sparc-rtems6-gcc', '-mcpu=cypress', '-isystem/home/the.m3chanic/quick-start/rtems/6/sparc-rtems6/erc32/lib/include', '-MMD', '../test.c', '-c', '-o/mnt/q/Work/Github/RTEMS-GSoC/build/.conf_check_261484d99ea5da27480d47dee9a30c04/testbuild/test.c.1.o']
[2/2] Linking [33mbuild/.conf_check_261484d99ea5da27480d47dee9a30c04/testbuild/testprog[0m

['/home/the.m3chanic/quick-start/rtems/6/bin/sparc-rtems6-gcc', '-mcpu=cypress', '-isystem/home/the.m3chanic/quick-start/rtems/6/sparc-rtems6/erc32/lib/include', '-MMD', '-B/home/the.m3chanic/quick-start/rtems/6/sparc-rtems6/erc32/lib', '-qrtems', '-Wl,--gc-sections', 'test.c.1.o', '-o/mnt/q/Work/Github/RTEMS-GSoC/build/.conf_check_261484d99ea5da27480d47dee9a30c04/testbuild/testprog', '-Wl,-Bstatic', '-Wl,-Bdynamic']
yes
-------------------------------------------
Checking for RTEMS_DEBUG
==>
#include <rtems.h>
#ifndef RTEMS_DEBUG
  #error RTEMS_DEBUG is not defined
#endif
#if RTEMS_DEBUG
  /* RTEMS_DEBUG is true */
#else
  #error RTEMS_DEBUG is false
#endif
void Init(rtems_task_argument arg) { (void)arg; }
#define CONFIGURE_APPLICATION_DOES_NOT_NEED_CLOCK_DRIVER
#define CONFIGURE_MAXIMUM_TASKS 1
#define CONFIGURE_RTEMS_INIT_TASKS_TABLE
#define CONFIGURE_INIT
#include <rtems/confdefs.h>
<==
[1/2] Compiling [32mbuild/.conf_check_d1138cde491707077f06f6a5aee1cc95/test.c[0m

['/home/the.m3chanic/quick-start/rtems/6/bin/sparc-rtems6-gcc', '-mcpu=cypress', '-isystem/home/the.m3chanic/quick-start/rtems/6/sparc-rtems6/erc32/lib/include', '-MMD', '../test.c', '-c', '-o/mnt/q/Work/Github/RTEMS-GSoC/build/.conf_check_d1138cde491707077f06f6a5aee1cc95/testbuild/test.c.1.o']
err: ../test.c:3:4: error: #error RTEMS_DEBUG is not defined
    3 |   #error RTEMS_DEBUG is not defined
      |    ^~~~~
../test.c:8:4: error: #error RTEMS_DEBUG is false
    8 |   #error RTEMS_DEBUG is false
      |    ^~~~~

from /mnt/q/Work/Github/RTEMS-GSoC: Test does not build: Traceback (most recent call last):
  File "/mnt/q/Work/Github/RTEMS-GSoC/.waf3-2.0.19-1f3c580272b15a03d2566843c5fe872a/waflib/Configure.py", line 333, in run_build
    bld.compile()
  File "/mnt/q/Work/Github/RTEMS-GSoC/.waf3-2.0.19-1f3c580272b15a03d2566843c5fe872a/waflib/Build.py", line 176, in compile
    raise Errors.BuildError(self.producer.error)
waflib.Errors.BuildError: Build failed
 -> task in 'testprog' failed with exit status 1 (run with -v to display more information)

no
from /mnt/q/Work/Github/RTEMS-GSoC: The configuration failed
-------------------------------------------
Checking for RTEMS_MULTIPROCESSING
==>
#include <rtems.h>
#ifndef RTEMS_MULTIPROCESSING
  #error RTEMS_MULTIPROCESSING is not defined
#endif
#if RTEMS_MULTIPROCESSING
  /* RTEMS_MULTIPROCESSING is true */
#else
  #error RTEMS_MULTIPROCESSING is false
#endif
void Init(rtems_task_argument arg) { (void)arg; }
#define CONFIGURE_APPLICATION_DOES_NOT_NEED_CLOCK_DRIVER
#define CONFIGURE_MAXIMUM_TASKS 1
#define CONFIGURE_RTEMS_INIT_TASKS_TABLE
#define CONFIGURE_INIT
#include <rtems/confdefs.h>
<==
[1/2] Compiling [32mbuild/.conf_check_e7c1b86201b201f3c15da2c2f5bb58bc/test.c[0m

['/home/the.m3chanic/quick-start/rtems/6/bin/sparc-rtems6-gcc', '-mcpu=cypress', '-isystem/home/the.m3chanic/quick-start/rtems/6/sparc-rtems6/erc32/lib/include', '-MMD', '../test.c', '-c', '-o/mnt/q/Work/Github/RTEMS-GSoC/build/.conf_check_e7c1b86201b201f3c15da2c2f5bb58bc/testbuild/test.c.1.o']
err: ../test.c:3:4: error: #error RTEMS_MULTIPROCESSING is not defined
    3 |   #error RTEMS_MULTIPROCESSING is not defined
      |    ^~~~~
../test.c:8:4: error: #error RTEMS_MULTIPROCESSING is false
    8 |   #error RTEMS_MULTIPROCESSING is false
      |    ^~~~~

from /mnt/q/Work/Github/RTEMS-GSoC: Test does not build: Traceback (most recent call last):
  File "/mnt/q/Work/Github/RTEMS-GSoC/.waf3-2.0.19-1f3c580272b15a03d2566843c5fe872a/waflib/Configure.py", line 333, in run_build
    bld.compile()
  File "/mnt/q/Work/Github/RTEMS-GSoC/.waf3-2.0.19-1f3c580272b15a03d2566843c5fe872a/waflib/Build.py", line 176, in compile
    raise Errors.BuildError(self.producer.error)
waflib.Errors.BuildError: Build failed
 -> task in 'testprog' failed with exit status 1 (run with -v to display more information)

no
from /mnt/q/Work/Github/RTEMS-GSoC: The configuration failed
-------------------------------------------
Checking for RTEMS_NEWLIB
==>
#include <rtems.h>
#ifndef RTEMS_NEWLIB
  #error RTEMS_NEWLIB is not defined
#endif
#if RTEMS_NEWLIB
  /* RTEMS_NEWLIB is true */
#else
  #error RTEMS_NEWLIB is false
#endif
void Init(rtems_task_argument arg) { (void)arg; }
#define CONFIGURE_APPLICATION_DOES_NOT_NEED_CLOCK_DRIVER
#define CONFIGURE_MAXIMUM_TASKS 1
#define CONFIGURE_RTEMS_INIT_TASKS_TABLE
#define CONFIGURE_INIT
#include <rtems/confdefs.h>
<==
[1/2] Compiling [32mbuild/.conf_check_41cb4e050210a61cff716d2adb997862/test.c[0m

['/home/the.m3chanic/quick-start/rtems/6/bin/sparc-rtems6-gcc', '-mcpu=cypress', '-isystem/home/the.m3chanic/quick-start/rtems/6/sparc-rtems6/erc32/lib/include', '-MMD', '../test.c', '-c', '-o/mnt/q/Work/Github/RTEMS-GSoC/build/.conf_check_41cb4e050210a61cff716d2adb997862/testbuild/test.c.1.o']
[2/2] Linking [33mbuild/.conf_check_41cb4e050210a61cff716d2adb997862/testbuild/testprog[0m

['/home/the.m3chanic/quick-start/rtems/6/bin/sparc-rtems6-gcc', '-mcpu=cypress', '-isystem/home/the.m3chanic/quick-start/rtems/6/sparc-rtems6/erc32/lib/include', '-MMD', '-B/home/the.m3chanic/quick-start/rtems/6/sparc-rtems6/erc32/lib', '-qrtems', '-Wl,--gc-sections', 'test.c.1.o', '-o/mnt/q/Work/Github/RTEMS-GSoC/build/.conf_check_41cb4e050210a61cff716d2adb997862/testbuild/testprog', '-Wl,-Bstatic', '-Wl,-Bdynamic']
yes
-------------------------------------------
Checking for RTEMS_POSIX_API
==>
#include <rtems.h>
#ifndef RTEMS_POSIX_API
  #error RTEMS_POSIX_API is not defined
#endif
#if RTEMS_POSIX_API
  /* RTEMS_POSIX_API is true */
#else
  #error RTEMS_POSIX_API is false
#endif
void Init(rtems_task_argument arg) { (void)arg; }
#define CONFIGURE_APPLICATION_DOES_NOT_NEED_CLOCK_DRIVER
#define CONFIGURE_MAXIMUM_TASKS 1
#define CONFIGURE_RTEMS_INIT_TASKS_TABLE
#define CONFIGURE_INIT
#include <rtems/confdefs.h>
<==
[1/2] Compiling [32mbuild/.conf_check_1ca9fc3cbc4f7470b61b140f4bbf5710/test.c[0m

['/home/the.m3chanic/quick-start/rtems/6/bin/sparc-rtems6-gcc', '-mcpu=cypress', '-isystem/home/the.m3chanic/quick-start/rtems/6/sparc-rtems6/erc32/lib/include', '-MMD', '../test.c', '-c', '-o/mnt/q/Work/Github/RTEMS-GSoC/build/.conf_check_1ca9fc3cbc4f7470b61b140f4bbf5710/testbuild/test.c.1.o']
err: ../test.c:3:4: error: #error RTEMS_POSIX_API is not defined
    3 |   #error RTEMS_POSIX_API is not defined
      |    ^~~~~
../test.c:8:4: error: #error RTEMS_POSIX_API is false
    8 |   #error RTEMS_POSIX_API is false
      |    ^~~~~

from /mnt/q/Work/Github/RTEMS-GSoC: Test does not build: Traceback (most recent call last):
  File "/mnt/q/Work/Github/RTEMS-GSoC/.waf3-2.0.19-1f3c580272b15a03d2566843c5fe872a/waflib/Configure.py", line 333, in run_build
    bld.compile()
  File "/mnt/q/Work/Github/RTEMS-GSoC/.waf3-2.0.19-1f3c580272b15a03d2566843c5fe872a/waflib/Build.py", line 176, in compile
    raise Errors.BuildError(self.producer.error)
waflib.Errors.BuildError: Build failed
 -> task in 'testprog' failed with exit status 1 (run with -v to display more information)

no
from /mnt/q/Work/Github/RTEMS-GSoC: The configuration failed
-------------------------------------------
Checking for RTEMS_SMP
==>
#include <rtems.h>
#ifndef RTEMS_SMP
  #error RTEMS_SMP is not defined
#endif
#if RTEMS_SMP
  /* RTEMS_SMP is true */
#else
  #error RTEMS_SMP is false
#endif
void Init(rtems_task_argument arg) { (void)arg; }
#define CONFIGURE_APPLICATION_DOES_NOT_NEED_CLOCK_DRIVER
#define CONFIGURE_MAXIMUM_TASKS 1
#define CONFIGURE_RTEMS_INIT_TASKS_TABLE
#define CONFIGURE_INIT
#include <rtems/confdefs.h>
<==
[1/2] Compiling [32mbuild/.conf_check_cacc7aa2df0ad628cae5585ef9e6e1ef/test.c[0m

['/home/the.m3chanic/quick-start/rtems/6/bin/sparc-rtems6-gcc', '-mcpu=cypress', '-isystem/home/the.m3chanic/quick-start/rtems/6/sparc-rtems6/erc32/lib/include', '-MMD', '../test.c', '-c', '-o/mnt/q/Work/Github/RTEMS-GSoC/build/.conf_check_cacc7aa2df0ad628cae5585ef9e6e1ef/testbuild/test.c.1.o']
err: ../test.c:3:4: error: #error RTEMS_SMP is not defined
    3 |   #error RTEMS_SMP is not defined
      |    ^~~~~
../test.c:8:4: error: #error RTEMS_SMP is false
    8 |   #error RTEMS_SMP is false
      |    ^~~~~

from /mnt/q/Work/Github/RTEMS-GSoC: Test does not build: Traceback (most recent call last):
  File "/mnt/q/Work/Github/RTEMS-GSoC/.waf3-2.0.19-1f3c580272b15a03d2566843c5fe872a/waflib/Configure.py", line 333, in run_build
    bld.compile()
  File "/mnt/q/Work/Github/RTEMS-GSoC/.waf3-2.0.19-1f3c580272b15a03d2566843c5fe872a/waflib/Build.py", line 176, in compile
    raise Errors.BuildError(self.producer.error)
waflib.Errors.BuildError: Build failed
 -> task in 'testprog' failed with exit status 1 (run with -v to display more information)

no
from /mnt/q/Work/Github/RTEMS-GSoC: The configuration failed
-------------------------------------------
Checking for RTEMS_NETWORKING
==>
#include <rtems.h>
#ifndef RTEMS_NETWORKING
  #error RTEMS_NETWORKING is not defined
#endif
#if RTEMS_NETWORKING
  /* RTEMS_NETWORKING is true */
#else
  #error RTEMS_NETWORKING is false
#endif
void Init(rtems_task_argument arg) { (void)arg; }
#define CONFIGURE_APPLICATION_DOES_NOT_NEED_CLOCK_DRIVER
#define CONFIGURE_MAXIMUM_TASKS 1
#define CONFIGURE_RTEMS_INIT_TASKS_TABLE
#define CONFIGURE_INIT
#include <rtems/confdefs.h>
<==
[1/2] Compiling [32mbuild/.conf_check_25873bbb9770e7b69177cf36166475ce/test.c[0m

['/home/the.m3chanic/quick-start/rtems/6/bin/sparc-rtems6-gcc', '-mcpu=cypress', '-isystem/home/the.m3chanic/quick-start/rtems/6/sparc-rtems6/erc32/lib/include', '-MMD', '../test.c', '-c', '-o/mnt/q/Work/Github/RTEMS-GSoC/build/.conf_check_25873bbb9770e7b69177cf36166475ce/testbuild/test.c.1.o']
err: ../test.c:3:4: error: #error RTEMS_NETWORKING is not defined
    3 |   #error RTEMS_NETWORKING is not defined
      |    ^~~~~
../test.c:8:4: error: #error RTEMS_NETWORKING is false
    8 |   #error RTEMS_NETWORKING is false
      |    ^~~~~

from /mnt/q/Work/Github/RTEMS-GSoC: Test does not build: Traceback (most recent call last):
  File "/mnt/q/Work/Github/RTEMS-GSoC/.waf3-2.0.19-1f3c580272b15a03d2566843c5fe872a/waflib/Configure.py", line 333, in run_build
    bld.compile()
  File "/mnt/q/Work/Github/RTEMS-GSoC/.waf3-2.0.19-1f3c580272b15a03d2566843c5fe872a/waflib/Build.py", line 176, in compile
    raise Errors.BuildError(self.producer.error)
waflib.Errors.BuildError: Build failed
 -> task in 'testprog' failed with exit status 1 (run with -v to display more information)

no
from /mnt/q/Work/Github/RTEMS-GSoC: The configuration failed
